\BOOKMARK [1][-]{section.1}{\376\377\137\025\212\000}{}% 1
\BOOKMARK [2][-]{subsection.1.1}{\376\377\170\156\133\232\116\213\116\366}{section.1}% 2
\BOOKMARK [2][-]{subsection.1.2}{\376\377\226\217\147\072\116\213\116\366}{section.1}% 3
\BOOKMARK [2][-]{subsection.1.3}{\376\377\176\337\213\241\211\304\137\213}{section.1}% 4
\BOOKMARK [1][-]{section.2}{\376\377\116\213\116\366}{}% 5
\BOOKMARK [2][-]{subsection.2.1}{\376\377\213\325\232\214}{section.2}% 6
\BOOKMARK [2][-]{subsection.2.2}{\376\377\226\217\147\072\213\325\232\214}{section.2}% 7
\BOOKMARK [2][-]{subsection.2.3}{\376\377\116\213\116\366}{section.2}% 8
\BOOKMARK [2][-]{subsection.2.4}{\376\377\226\217\147\072\116\213\116\366}{section.2}% 9
\BOOKMARK [2][-]{subsection.2.5}{\376\377\127\372\147\054\116\213\116\366}{section.2}% 10
\BOOKMARK [2][-]{subsection.2.6}{\376\377\131\015\124\010\116\213\116\366}{section.2}% 11
\BOOKMARK [2][-]{subsection.2.7}{\376\377\137\305\161\066\116\213\116\366}{section.2}% 12
\BOOKMARK [2][-]{subsection.2.8}{\376\377\116\015\123\357\200\375\116\213\116\366}{section.2}% 13
\BOOKMARK [2][-]{subsection.2.9}{\376\377\150\067\147\054\172\172\225\364}{section.2}% 14
\BOOKMARK [2][-]{subsection.2.10}{\376\377\150\067\147\054\160\271}{section.2}% 15
\BOOKMARK [1][-]{section.3}{\376\377\116\213\116\366\166\204\226\306\124\010\210\150\171\072}{}% 16
\BOOKMARK [1][-]{section.4}{\376\377\116\213\116\366\225\364\166\204\121\163\174\373}{}% 17
\BOOKMARK [2][-]{subsection.4.1}{\376\377\123\005\124\053}{section.4}% 18
\BOOKMARK [2][-]{subsection.4.2}{\376\377\166\370\173\111}{section.4}% 19
\BOOKMARK [2][-]{subsection.4.3}{\376\377\136\166\116\016\124\214}{section.4}% 20
\BOOKMARK [2][-]{subsection.4.4}{\376\377\116\244\116\016\171\357}{section.4}% 21
\BOOKMARK [2][-]{subsection.4.5}{\376\377\135\356}{section.4}% 22
\BOOKMARK [2][-]{subsection.4.6}{\376\377\116\222\116\015\166\370\133\271}{section.4}% 23
\BOOKMARK [2][-]{subsection.4.7}{\376\377\133\371\172\313}{section.4}% 24
\BOOKMARK [2][-]{subsection.4.8}{\376\377\133\214\131\007\116\213\116\366\176\304}{section.4}% 25
\BOOKMARK [1][-]{section.5}{\376\377\116\213\116\366\225\364\166\204\217\320\173\227\137\213}{}% 26
\BOOKMARK [2][-]{subsection.5.1}{\376\377\116\244\143\142\137\213}{section.5}% 27
\BOOKMARK [2][-]{subsection.5.2}{\376\377\176\323\124\010\137\213}{section.5}% 28
\BOOKMARK [2][-]{subsection.5.3}{\376\377\122\006\221\115\137\213}{section.5}% 29
\BOOKMARK [2][-]{subsection.5.4}{\376\377\133\371\120\166\137\213}{section.5}% 30
