\BOOKMARK [1][-]{section.1}{\376\377\176\352\213\272}{}% 1
\BOOKMARK [2][-]{subsection.1.1}{\376\377\211\343\122\126\133\146\127\372\170\100\166\204\133\232\116\111}{section.1}% 2
\BOOKMARK [2][-]{subsection.1.2}{\376\377\174\373\176\337\211\343\122\126\133\146}{section.1}% 3
\BOOKMARK [2][-]{subsection.1.3}{\376\377\134\100\220\350\211\343\122\126\133\146}{section.1}% 4
\BOOKMARK [2][-]{subsection.1.4}{\376\377\145\255\227\142\211\343\122\126\133\146}{section.1}% 5
\BOOKMARK [2][-]{subsection.1.5}{\376\377\146\076\137\256\211\343\122\126\133\146}{section.1}% 6
\BOOKMARK [2][-]{subsection.1.6}{\376\377\116\272\117\123\166\204\176\304\142\020}{section.1}% 7
\BOOKMARK [3][-]{subsubsection.1.6.1}{\376\377\217\320\122\250\174\373\176\337}{subsection.1.6}% 8
\BOOKMARK [3][-]{subsubsection.1.6.2}{\376\377\155\210\123\026\174\373\176\337}{subsection.1.6}% 9
\BOOKMARK [3][-]{subsubsection.1.6.3}{\376\377\124\174\124\070\174\373\176\337}{subsection.1.6}% 10
\BOOKMARK [3][-]{subsubsection.1.6.4}{\376\377\154\314\134\077\174\373\176\337}{subsection.1.6}% 11
\BOOKMARK [3][-]{subsubsection.1.6.5}{\376\377\165\037\153\226\174\373\176\337}{subsection.1.6}% 12
\BOOKMARK [3][-]{subsubsection.1.6.6}{\376\377\201\011\173\241\174\373\176\337}{subsection.1.6}% 13
\BOOKMARK [3][-]{subsubsection.1.6.7}{\376\377\141\037\211\311\174\373\176\337}{subsection.1.6}% 14
\BOOKMARK [3][-]{subsubsection.1.6.8}{\376\377\171\136\176\317\174\373\176\337}{subsection.1.6}% 15
\BOOKMARK [3][-]{subsubsection.1.6.9}{\376\377\121\205\122\006\154\314\174\373\176\337}{subsection.1.6}% 16
\BOOKMARK [2][-]{subsection.1.7}{\376\377\116\272\117\123\122\006\220\350}{section.1}% 17
\BOOKMARK [2][-]{subsection.1.8}{\376\377\211\343\122\126\133\146\131\377\122\277}{section.1}% 18
\BOOKMARK [3][-]{subsubsection.1.8.1}{\376\377\145\271\117\115\147\057\213\355}{subsection.1.8}% 19
\BOOKMARK [2][-]{subsection.1.9}{\376\377\140\073\176\323}{section.1}% 20
